0 info it worked if it ends with ok
1 verbose cli [ '/usr/bin/nodejs',
1 verbose cli   '/usr/bin/npm',
1 verbose cli   'install',
1 verbose cli   '-g',
1 verbose cli   'typedscript' ]
2 info using npm@1.2.18
3 info using node@v0.10.15
4 verbose read json /usr/local/lib/package.json
5 verbose read json /usr/local/lib/package.json
6 verbose cache add [ 'typedscript', null ]
7 verbose cache add name=undefined spec="typedscript" args=["typedscript",null]
8 verbose parsed url { protocol: null,
8 verbose parsed url   slashes: null,
8 verbose parsed url   auth: null,
8 verbose parsed url   host: null,
8 verbose parsed url   port: null,
8 verbose parsed url   hostname: null,
8 verbose parsed url   hash: null,
8 verbose parsed url   search: null,
8 verbose parsed url   query: null,
8 verbose parsed url   pathname: 'typedscript',
8 verbose parsed url   path: 'typedscript',
8 verbose parsed url   href: 'typedscript' }
9 silly lockFile 76228e3f-typedscript typedscript
10 verbose lock typedscript /home/cleber/.npm/76228e3f-typedscript.lock
11 silly lockFile 76228e3f-typedscript typedscript
12 silly lockFile 76228e3f-typedscript typedscript
13 verbose addNamed [ 'typedscript', '' ]
14 verbose addNamed [ null, '*' ]
15 silly lockFile 6da3cd9f-typedscript typedscript@
16 verbose lock typedscript@ /home/cleber/.npm/6da3cd9f-typedscript.lock
17 silly addNameRange { name: 'typedscript', range: '*', hasData: false }
18 verbose url raw typedscript
19 verbose url resolving [ 'https://registry.npmjs.org/', './typedscript' ]
20 verbose url resolved https://registry.npmjs.org/typedscript
21 info trying registry request attempt 1 at 16:59:26
22 http GET https://registry.npmjs.org/typedscript
23 info retry will retry, error on last attempt: Error: Hostname/IP doesn't match certificate's altnames
24 info trying registry request attempt 2 at 16:59:37
25 http GET https://registry.npmjs.org/typedscript
26 info retry will retry, error on last attempt: Error: Hostname/IP doesn't match certificate's altnames
27 info trying registry request attempt 3 at 17:00:37
28 http GET https://registry.npmjs.org/typedscript
29 silly lockFile 6da3cd9f-typedscript typedscript@
30 silly lockFile 6da3cd9f-typedscript typedscript@
31 error Error: Hostname/IP doesn't match certificate's altnames
31 error     at SecurePair.<anonymous> (tls.js:1359:23)
31 error     at SecurePair.EventEmitter.emit (events.js:92:17)
31 error     at SecurePair.maybeInitFinished (tls.js:963:10)
31 error     at CleartextStream.read [as _read] (tls.js:463:15)
31 error     at CleartextStream.Readable.read (_stream_readable.js:320:10)
31 error     at EncryptedStream.write [as _write] (tls.js:366:25)
31 error     at doWrite (_stream_writable.js:219:10)
31 error     at writeOrBuffer (_stream_writable.js:209:5)
31 error     at EncryptedStream.Writable.write (_stream_writable.js:180:11)
31 error     at write (_stream_readable.js:573:24)
32 error If you need help, you may report this log at:
32 error     <http://bugs.debian.org/npm>
32 error or use
32 error     reportbug --attach /home/cleber/workspaceGTI/ecc/npm-debug.log npm
33 error System Linux 3.11.0-12-generic
34 error command "/usr/bin/nodejs" "/usr/bin/npm" "install" "-g" "typedscript"
35 error cwd /home/cleber/workspaceGTI/ecc
36 error node -v v0.10.15
37 error npm -v 1.2.18
38 verbose exit [ 1, true ]
